<?xml version="1.0" encoding="UTF-8"?>
<!-- Generated by org.testng.reporters.JUnitXMLReporter -->
<testsuite hostname="Tetianas-MacBook-Pro.local" ignored="4" tests="5" failures="0" timestamp="09 Oct 2020 18:53:39 GMT" time="0.027" errors="0">
  <testcase name="test1StringWorker" time="0.002" classname="StringWorkerTest"/>
  <testcase name="test1Sum" time="0.0" classname="CalculatorTest"/>
  <testcase name="test3Sum" time="0.0" classname="CalculatorTest"/>
  <testcase name="test1Multiply" time="0.0" classname="CalculatorTest"/>
  <testcase name="test2Multiply" time="0.0" classname="CalculatorTest"/>
  <testcase name="@BeforeSuite beforeSuite" time="0.0" classname="BaseTest">
    <ignored/>
  </testcase> <!-- @BeforeSuite beforeSuite -->
  <testcase name="@BeforeSuite beforeSuite" time="0.0" classname="BaseTest">
    <ignored/>
  </testcase> <!-- @BeforeSuite beforeSuite -->
  <testcase name="@AfterSuite afterSuite" time="0.0" classname="BaseTest">
    <ignored/>
  </testcase> <!-- @AfterSuite afterSuite -->
  <testcase name="@AfterSuite afterSuite" time="0.0" classname="BaseTest">
    <ignored/>
  </testcase> <!-- @AfterSuite afterSuite -->
</testsuite>
