<?xml version="1.0" encoding="UTF-8"?>
<testng-results skipped="0" failed="0" ignored="4" total="9" passed="5">
  <reporter-output>
  </reporter-output>
  <suite name="Command line suite" duration-ms="27" started-at="2020-10-09T18:53:34Z" finished-at="2020-10-09T18:53:34Z">
    <groups>
    </groups>
    <test name="Command line test" duration-ms="27" started-at="2020-10-09T18:53:34Z" finished-at="2020-10-09T18:53:34Z">
      <class name="CalculatorTest">
        <test-method status="PASS" signature="beforeClass()[pri:0, instance:CalculatorTest@2133c8f8]" name="beforeClass" is-config="true" duration-ms="1" started-at="2020-10-09T18:53:34Z" finished-at="2020-10-09T18:53:34Z">
          <reporter-output>
          </reporter-output>
        </test-method> <!-- beforeClass -->
        <test-method status="PASS" signature="test1Sum()[pri:0, instance:CalculatorTest@2133c8f8]" name="test1Sum" duration-ms="0" started-at="2020-10-09T18:53:34Z" finished-at="2020-10-09T18:53:34Z">
          <reporter-output>
          </reporter-output>
        </test-method> <!-- test1Sum -->
        <test-method status="PASS" signature="test3Sum()[pri:0, instance:CalculatorTest@2133c8f8]" name="test3Sum" duration-ms="0" started-at="2020-10-09T18:53:34Z" finished-at="2020-10-09T18:53:34Z">
          <reporter-output>
          </reporter-output>
        </test-method> <!-- test3Sum -->
        <test-method status="PASS" signature="test1Multiply()[pri:0, instance:CalculatorTest@2133c8f8]" name="test1Multiply" duration-ms="0" started-at="2020-10-09T18:53:34Z" description="Verifiaction of miltiplication of 2 numbers" depends-on-methods="CalculatorTest.test3Sum" finished-at="2020-10-09T18:53:34Z">
          <reporter-output>
          </reporter-output>
        </test-method> <!-- test1Multiply -->
        <test-method status="PASS" signature="test2Multiply()[pri:0, instance:CalculatorTest@2133c8f8]" name="test2Multiply" duration-ms="0" started-at="2020-10-09T18:53:34Z" depends-on-methods="CalculatorTest.test1Multiply" finished-at="2020-10-09T18:53:34Z">
          <reporter-output>
          </reporter-output>
        </test-method> <!-- test2Multiply -->
        <test-method status="PASS" signature="afterClass()[pri:0, instance:CalculatorTest@2133c8f8]" name="afterClass" is-config="true" duration-ms="1" started-at="2020-10-09T18:53:34Z" finished-at="2020-10-09T18:53:34Z">
          <reporter-output>
          </reporter-output>
        </test-method> <!-- afterClass -->
      </class> <!-- CalculatorTest -->
      <class name="StringWorkerTest">
        <test-method status="PASS" signature="beforeSuite()[pri:0, instance:StringWorkerTest@49e4cb85]" name="beforeSuite" is-config="true" duration-ms="8" started-at="2020-10-09T18:53:34Z" finished-at="2020-10-09T18:53:34Z">
          <reporter-output>
          </reporter-output>
        </test-method> <!-- beforeSuite -->
        <test-method status="PASS" signature="beforeClass()[pri:0, instance:StringWorkerTest@49e4cb85]" name="beforeClass" is-config="true" duration-ms="1" started-at="2020-10-09T18:53:34Z" finished-at="2020-10-09T18:53:34Z">
          <reporter-output>
          </reporter-output>
        </test-method> <!-- beforeClass -->
        <test-method status="PASS" signature="test1StringWorker()[pri:0, instance:StringWorkerTest@49e4cb85]" name="test1StringWorker" duration-ms="2" started-at="2020-10-09T18:53:34Z" finished-at="2020-10-09T18:53:34Z">
          <reporter-output>
          </reporter-output>
        </test-method> <!-- test1StringWorker -->
        <test-method status="PASS" signature="afterClass()[pri:0, instance:StringWorkerTest@49e4cb85]" name="afterClass" is-config="true" duration-ms="1" started-at="2020-10-09T18:53:34Z" finished-at="2020-10-09T18:53:34Z">
          <reporter-output>
          </reporter-output>
        </test-method> <!-- afterClass -->
        <test-method status="PASS" signature="afterSuite()[pri:0, instance:StringWorkerTest@49e4cb85]" name="afterSuite" is-config="true" duration-ms="0" started-at="2020-10-09T18:53:39Z" finished-at="2020-10-09T18:53:39Z">
          <reporter-output>
          </reporter-output>
        </test-method> <!-- afterSuite -->
      </class> <!-- StringWorkerTest -->
    </test> <!-- Command line test -->
  </suite> <!-- Command line suite -->
</testng-results>
